Executing action: all (aliases: build)
Running ninja in directory /home/marujo/MECT/ASE/pratica/project/virtual-pet/build
Executing "ninja all"...
[0/1] Re-running CMake...
-- Minimal build - OFF
-- Building ESP-IDF components for target esp32c6
NOTICE: Processing 1 dependencies:
NOTICE: [1/1] idf (5.5.2)
-- Project sdkconfig file /home/marujo/MECT/ASE/pratica/project/virtual-pet/sdkconfig
-- Adding linker script /home/marujo/esp/esp-idf/components/riscv/ld/rom.api.ld
-- USING O3
-- App "virtual-pet" version: 365df0b5-dirty
-- Adding linker script /home/marujo/MECT/ASE/pratica/project/virtual-pet/build/esp-idf/esp_system/ld/memory.ld
-- Adding linker script /home/marujo/MECT/ASE/pratica/project/virtual-pet/build/esp-idf/esp_system/ld/sections.ld.in
-- Adding linker script /home/marujo/esp/esp-idf/components/esp_rom/esp32c6/ld/esp32c6.rom.ld
-- Adding linker script /home/marujo/esp/esp-idf/components/esp_rom/esp32c6/ld/esp32c6.rom.api.ld
-- Adding linker script /home/marujo/esp/esp-idf/components/esp_rom/esp32c6/ld/esp32c6.rom.rvfp.ld
-- Adding linker script /home/marujo/esp/esp-idf/components/esp_rom/esp32c6/ld/esp32c6.rom.wdt.ld
-- Adding linker script /home/marujo/esp/esp-idf/components/esp_rom/esp32c6/ld/esp32c6.rom.systimer.ld
-- Adding linker script /home/marujo/esp/esp-idf/components/esp_rom/esp32c6/ld/esp32c6.rom.version.ld
-- Adding linker script /home/marujo/esp/esp-idf/components/esp_rom/esp32c6/ld/esp32c6.rom.phy.ld
-- Adding linker script /home/marujo/esp/esp-idf/components/esp_rom/esp32c6/ld/esp32c6.rom.coexist.ld
-- Adding linker script /home/marujo/esp/esp-idf/components/esp_rom/esp32c6/ld/esp32c6.rom.net80211.ld
-- Adding linker script /home/marujo/esp/esp-idf/components/esp_rom/esp32c6/ld/esp32c6.rom.pp.ld
-- Adding linker script /home/marujo/esp/esp-idf/components/esp_rom/esp32c6/ld/esp32c6.rom.libc.ld
-- Adding linker script /home/marujo/esp/esp-idf/components/esp_rom/esp32c6/ld/esp32c6.rom.libc-suboptimal_for_misaligned_mem.ld
-- Adding linker script /home/marujo/esp/esp-idf/components/esp_rom/esp32c6/ld/esp32c6.rom.newlib.ld
-- Adding linker script /home/marujo/esp/esp-idf/components/esp_rom/esp32c6/ld/esp32c6.rom.newlib-normal.ld
-- Adding linker script /home/marujo/esp/esp-idf/components/esp_rom/esp32c6/ld/esp32c6.rom.heap.ld
-- Adding linker script /home/marujo/esp/esp-idf/components/soc/esp32c6/ld/esp32c6.peripherals.ld
-- Components: app_trace app_update bootloader bootloader_support bt cmock console cxx driver efuse esp-tls esp_adc esp_app_format esp_bootloader_format esp_coex esp_common esp_driver_ana_cmpr esp_driver_bitscrambler esp_driver_cam esp_driver_dac esp_driver_gpio esp_driver_gptimer esp_driver_i2c esp_driver_i2s esp_driver_isp esp_driver_jpeg esp_driver_ledc esp_driver_mcpwm esp_driver_parlio esp_driver_pcnt esp_driver_ppa esp_driver_rmt esp_driver_sdio esp_driver_sdm esp_driver_sdmmc esp_driver_sdspi esp_driver_spi esp_driver_touch_sens esp_driver_tsens esp_driver_twai esp_driver_uart esp_driver_usb_serial_jtag esp_eth esp_event esp_gdbstub esp_hid esp_http_client esp_http_server esp_https_ota esp_https_server esp_hw_support esp_lcd esp_local_ctrl esp_mm esp_netif esp_netif_stack esp_partition esp_phy esp_pm esp_psram esp_ringbuf esp_rom esp_security esp_system esp_tee esp_timer esp_vfs_console esp_wifi espcoredump esptool_py fatfs freertos hal heap http_parser idf_test ieee802154 json log lwip main mbedtls mqtt newlib nvs_flash nvs_sec_provider openthread partition_table protobuf-c protocomm pthread riscv rt sdmmc soc spi_flash spiffs st7735_driver tcp_transport ulp unity usb vfs wear_levelling wifi_provisioning wpa_supplicant
-- Component paths: /home/marujo/esp/esp-idf/components/app_trace /home/marujo/esp/esp-idf/components/app_update /home/marujo/esp/esp-idf/components/bootloader /home/marujo/esp/esp-idf/components/bootloader_support /home/marujo/esp/esp-idf/components/bt /home/marujo/esp/esp-idf/components/cmock /home/marujo/esp/esp-idf/components/console /home/marujo/esp/esp-idf/components/cxx /home/marujo/esp/esp-idf/components/driver /home/marujo/esp/esp-idf/components/efuse /home/marujo/esp/esp-idf/components/esp-tls /home/marujo/esp/esp-idf/components/esp_adc /home/marujo/esp/esp-idf/components/esp_app_format /home/marujo/esp/esp-idf/components/esp_bootloader_format /home/marujo/esp/esp-idf/components/esp_coex /home/marujo/esp/esp-idf/components/esp_common /home/marujo/esp/esp-idf/components/esp_driver_ana_cmpr /home/marujo/esp/esp-idf/components/esp_driver_bitscrambler /home/marujo/esp/esp-idf/components/esp_driver_cam /home/marujo/esp/esp-idf/components/esp_driver_dac /home/marujo/esp/esp-idf/components/esp_driver_gpio /home/marujo/esp/esp-idf/components/esp_driver_gptimer /home/marujo/esp/esp-idf/components/esp_driver_i2c /home/marujo/esp/esp-idf/components/esp_driver_i2s /home/marujo/esp/esp-idf/components/esp_driver_isp /home/marujo/esp/esp-idf/components/esp_driver_jpeg /home/marujo/esp/esp-idf/components/esp_driver_ledc /home/marujo/esp/esp-idf/components/esp_driver_mcpwm /home/marujo/esp/esp-idf/components/esp_driver_parlio /home/marujo/esp/esp-idf/components/esp_driver_pcnt /home/marujo/esp/esp-idf/components/esp_driver_ppa /home/marujo/esp/esp-idf/components/esp_driver_rmt /home/marujo/esp/esp-idf/components/esp_driver_sdio /home/marujo/esp/esp-idf/components/esp_driver_sdm /home/marujo/esp/esp-idf/components/esp_driver_sdmmc /home/marujo/esp/esp-idf/components/esp_driver_sdspi /home/marujo/esp/esp-idf/components/esp_driver_spi /home/marujo/esp/esp-idf/components/esp_driver_touch_sens /home/marujo/esp/esp-idf/components/esp_driver_tsens /home/marujo/esp/esp-idf/components/esp_driver_twai /home/marujo/esp/esp-idf/components/esp_driver_uart /home/marujo/esp/esp-idf/components/esp_driver_usb_serial_jtag /home/marujo/esp/esp-idf/components/esp_eth /home/marujo/esp/esp-idf/components/esp_event /home/marujo/esp/esp-idf/components/esp_gdbstub /home/marujo/esp/esp-idf/components/esp_hid /home/marujo/esp/esp-idf/components/esp_http_client /home/marujo/esp/esp-idf/components/esp_http_server /home/marujo/esp/esp-idf/components/esp_https_ota /home/marujo/esp/esp-idf/components/esp_https_server /home/marujo/esp/esp-idf/components/esp_hw_support /home/marujo/esp/esp-idf/components/esp_lcd /home/marujo/esp/esp-idf/components/esp_local_ctrl /home/marujo/esp/esp-idf/components/esp_mm /home/marujo/esp/esp-idf/components/esp_netif /home/marujo/esp/esp-idf/components/esp_netif_stack /home/marujo/esp/esp-idf/components/esp_partition /home/marujo/esp/esp-idf/components/esp_phy /home/marujo/esp/esp-idf/components/esp_pm /home/marujo/esp/esp-idf/components/esp_psram /home/marujo/esp/esp-idf/components/esp_ringbuf /home/marujo/esp/esp-idf/components/esp_rom /home/marujo/esp/esp-idf/components/esp_security /home/marujo/esp/esp-idf/components/esp_system /home/marujo/esp/esp-idf/components/esp_tee /home/marujo/esp/esp-idf/components/esp_timer /home/marujo/esp/esp-idf/components/esp_vfs_console /home/marujo/esp/esp-idf/components/esp_wifi /home/marujo/esp/esp-idf/components/espcoredump /home/marujo/esp/esp-idf/components/esptool_py /home/marujo/esp/esp-idf/components/fatfs /home/marujo/esp/esp-idf/components/freertos /home/marujo/esp/esp-idf/components/hal /home/marujo/esp/esp-idf/components/heap /home/marujo/esp/esp-idf/components/http_parser /home/marujo/esp/esp-idf/components/idf_test /home/marujo/esp/esp-idf/components/ieee802154 /home/marujo/esp/esp-idf/components/json /home/marujo/esp/esp-idf/components/log /home/marujo/esp/esp-idf/components/lwip /home/marujo/MECT/ASE/pratica/project/virtual-pet/main /home/marujo/esp/esp-idf/components/mbedtls /home/marujo/esp/esp-idf/components/mqtt /home/marujo/esp/esp-idf/components/newlib /home/marujo/esp/esp-idf/components/nvs_flash /home/marujo/esp/esp-idf/components/nvs_sec_provider /home/marujo/esp/esp-idf/components/openthread /home/marujo/esp/esp-idf/components/partition_table /home/marujo/esp/esp-idf/components/protobuf-c /home/marujo/esp/esp-idf/components/protocomm /home/marujo/esp/esp-idf/components/pthread /home/marujo/esp/esp-idf/components/riscv /home/marujo/esp/esp-idf/components/rt /home/marujo/esp/esp-idf/components/sdmmc /home/marujo/esp/esp-idf/components/soc /home/marujo/esp/esp-idf/components/spi_flash /home/marujo/esp/esp-idf/components/spiffs /home/marujo/MECT/ASE/pratica/project/virtual-pet/components/st7735_driver /home/marujo/esp/esp-idf/components/tcp_transport /home/marujo/esp/esp-idf/components/ulp /home/marujo/esp/esp-idf/components/unity /home/marujo/esp/esp-idf/components/usb /home/marujo/esp/esp-idf/components/vfs /home/marujo/esp/esp-idf/components/wear_levelling /home/marujo/esp/esp-idf/components/wifi_provisioning /home/marujo/esp/esp-idf/components/wpa_supplicant
-- Configuring done (2.7s)
-- Generating done (0.3s)
-- Build files have been written to: /home/marujo/MECT/ASE/pratica/project/virtual-pet/build
[1/11] Building C object esp-idf/main/CMakeFiles/__idf_main.dir/pet_assets.c.obj
[2/11] Performing build step for 'bootloader'
[1/1] cd /home/marujo/MECT/ASE/pratica/project/virtual-pet/build/bootloader/esp-idf/esptool_py && /home/marujo/.espressif/python_env/idf5.5_py3.14_env/bin/python /home/marujo/esp/esp-idf/components/partition_table/check_sizes.py --offset 0x8000 bootloader 0x0 /home/marujo/MECT/ASE/pratica/project/virtual-pet/build/bootloader/bootloader.bin
Bootloader binary size 0x5840 bytes. 0x27c0 bytes (31%) free.
[3/11] No install step for 'bootloader'
[4/11] Building C object esp-idf/main/CMakeFiles/__idf_main.dir/main.c.obj
[5/11] Linking C static library esp-idf/main/libmain.a
[6/11] Completed 'bootloader'
[7/11] Generating esp-idf/esp_system/ld/sections.ld
[8/11] Linking CXX executable virtual-pet.elf
[9/11] Generating binary image from built executable
esptool.py v4.12.dev1
Creating esp32c6 image...
Merged 1 ELF section
Successfully created esp32c6 image.
Generated /home/marujo/MECT/ASE/pratica/project/virtual-pet/build/virtual-pet.bin
[10/11] cd /home/marujo/MECT/ASE/pratica/project/virtual-pet/build/esp-idf/esptool_py && /home/marujo/.espressif/python_env/idf5.5_py3.14_env/bin/python /home/marujo/esp/esp-idf/components/partition_table/check_sizes.py --offset 0x8000 partition --type app /home/marujo/MECT/ASE/pratica/project/virtual-pet/build/partition_table/partition-table.bin /home/marujo/MECT/ASE/pratica/project/virtual-pet/build/virtual-pet.bin
virtual-pet.bin binary size 0x38090 bytes. Smallest app partition is 0x100000 bytes. 0xc7f70 bytes (78%) free.

Project build complete. To flash, run:
 idf.py flash
or
 idf.py -p PORT flash
or
 python -m esptool --chip esp32c6 -b 460800 --before default_reset --after hard_reset write_flash --flash_mode dio --flash_size 2MB --flash_freq 80m 0x0 build/bootloader/bootloader.bin 0x8000 build/partition_table/partition-table.bin 0x10000 build/virtual-pet.bin
or from the "/home/marujo/MECT/ASE/pratica/project/virtual-pet/build" directory
 python -m esptool --chip esp32c6 -b 460800 --before default_reset --after hard_reset write_flash "@flash_args"
