Executing action: flash
Serial port /dev/ttyUSB0
Connecting....
Detecting chip type... ESP32-C6
Running ninja in directory /home/marujo/MECT/ASE/pratica/project/virtual-pet/build
Executing "ninja flash"...
[1/5] cd /home/marujo/MECT/ASE/pratica/project/virtual-pet/build/esp-idf/esptool_py && /home/marujo/.espressif/python_env/idf5.5_py3.14_env/bin/python /home/marujo/esp/esp-idf/components/partition_table/check_sizes.py --offset 0x8000 partition --type app /home/marujo/MECT/ASE/pratica/project/virtual-pet/build/partition_table/partition-table.bin /home/marujo/MECT/ASE/pratica/project/virtual-pet/build/virtual-pet.bin
virtual-pet.bin binary size 0xdd5d0 bytes. Smallest app partition is 0x100000 bytes. 0x22a30 bytes (14%) free.
[2/5] Performing build step for 'bootloader'
[1/1] cd /home/marujo/MECT/ASE/pratica/project/virtual-pet/build/bootloader/esp-idf/esptool_py && /home/marujo/.espressif/python_env/idf5.5_py3.14_env/bin/python /home/marujo/esp/esp-idf/components/partition_table/check_sizes.py --offset 0x8000 bootloader 0x0 /home/marujo/MECT/ASE/pratica/project/virtual-pet/build/bootloader/bootloader.bin
Bootloader binary size 0x5840 bytes. 0x27c0 bytes (31%) free.
[3/5] No install step for 'bootloader'
[4/5] Completed 'bootloader'
[4/5] cd /home/marujo/esp/esp-idf/components/esptool_py && /usr/bin/cmake -D IDF_PATH=/home/marujo/esp/esp-idf -D "SERIAL_TOOL=/home/marujo/.espressif/python_env/idf5.5_py3.14_env/bin/python;;/home/marujo/esp/esp-idf/components/esptool_py/esptool/esptool.py;--chip;esp32c6" -D "SERIAL_TOOL_ARGS=--before=default_reset;--after=hard_reset;write_flash;@flash_args" -D WORKING_DIRECTORY=/home/marujo/MECT/ASE/pratica/project/virtual-pet/build -P /home/marujo/esp/esp-idf/components/esptool_py/run_serial_tool.cmake
esptool.py --chip esp32c6 -p /dev/ttyUSB0 -b 460800 --before=default_reset --after=hard_reset write_flash --flash_mode dio --flash_freq 80m --flash_size 2MB 0x0 bootloader/bootloader.bin 0x10000 virtual-pet.bin 0x8000 partition_table/partition-table.bin
esptool.py v4.12.dev1
Serial port /dev/ttyUSB0
Connecting....
Chip is ESP32-C6 (QFN40) (revision v0.2)
Features: Wi-Fi 6, BT 5 (LE), IEEE802.15.4, Single Core + LP Core, 160MHz, Unknown Embedded Flash
Crystal is 40MHz
MAC: 20:6e:f1:ff:fe:17:72:24
BASE MAC: 20:6e:f1:17:72:24
MAC_EXT: ff:fe
Uploading stub...
Running stub...
Stub running...
Changing baud rate to 460800
Changed.
Configuring flash size...
Flash will be erased from 0x00000000 to 0x00005fff...
Flash will be erased from 0x00010000 to 0x000edfff...
Flash will be erased from 0x00008000 to 0x00008fff...
SHA digest in image updated
Compressed 22592 bytes to 13966...
Writing at 0x00000000... (100 %)
Wrote 22592 bytes (13966 compressed) at 0x00000000 in 0.5 seconds (effective 357.3 kbit/s)...
Hash of data verified.
Compressed 906704 bytes to 519235...
Writing at 0x00010000... (3 %)
Writing at 0x0001c430... (6 %)
Writing at 0x000270f2... (9 %)
Writing at 0x000314ba... (12 %)
Writing at 0x000377ea... (15 %)
Writing at 0x0003e773... (18 %)
Writing at 0x00046209... (21 %)
Writing at 0x0004da9c... (25 %)
Writing at 0x00054ca4... (28 %)
Writing at 0x0005b7c1... (31 %)
Writing at 0x00061fe2... (34 %)
Writing at 0x00068ac1... (37 %)
Writing at 0x0006e698... (40 %)
Writing at 0x00074062... (43 %)
Writing at 0x0007aa24... (46 %)
Writing at 0x00080bc2... (50 %)
Writing at 0x00086b4f... (53 %)
Writing at 0x0008cce4... (56 %)
Writing at 0x00092bd4... (59 %)
Writing at 0x00098cd5... (62 %)
Writing at 0x0009f510... (65 %)
Writing at 0x000a666b... (68 %)
Writing at 0x000ad47b... (71 %)
Writing at 0x000b44ea... (75 %)
Writing at 0x000ba8d3... (78 %)
Writing at 0x000c0cb6... (81 %)
Writing at 0x000c7105... (84 %)
Writing at 0x000cd0c6... (87 %)
Writing at 0x000d4742... (90 %)
Writing at 0x000db81a... (93 %)
Writing at 0x000e1222... (96 %)
Writing at 0x000e71a5... (100 %)
Wrote 906704 bytes (519235 compressed) at 0x00010000 in 12.0 seconds (effective 606.0 kbit/s)...
Hash of data verified.
Compressed 3072 bytes to 103...
Writing at 0x00008000... (100 %)
Wrote 3072 bytes (103 compressed) at 0x00008000 in 0.0 seconds (effective 710.2 kbit/s)...
Hash of data verified.

Leaving...
Hard resetting via RTS pin...
Done
